------------------------------------ 
周二 2022/06/14 
21:13
WebPortalTest 
On branch master
Your branch is up to date with 'origin/master'.

nothing to commit, working tree clean
CheerNotebook 
On branch main
Your branch is up to date with 'origin/main'.

nothing to commit, working tree clean
SensetimeNotes 
On branch main
Your branch is up to date with 'origin/main'.

nothing to commit, working tree clean
GitAutoUpdate 
[main 05c0667] auto update
 2 files changed, 7 insertions(+), 19 deletions(-)
--------------------------------------------------- 
周二 2022/06/14 
21:16
-----------------WebPortalTest----------------- 
On branch master
Your branch is up to date with 'origin/master'.

nothing to commit, working tree clean
-----------------CheerNotebook----------------- 
On branch main
Your branch is up to date with 'origin/main'.

nothing to commit, working tree clean
-----------------SensetimeNotes----------------- 
On branch main
Your branch is up to date with 'origin/main'.

nothing to commit, working tree clean
-----------------GitAutoUpdate----------------- 
